<?xml version="1.0" encoding="UTF-8"?>
<!-- Generated by org.testng.reporters.JUnitXMLReporter -->
<testsuite ignored="5" hostname="Oriented" failures="1" tests="1" name="MyTestNGDemo" time="0.056" errors="0" timestamp="2025-07-09T20:58:30 GMT+03:00">
  <testcase classname="TestNgDemo.TestNGDemo" name="Test1" time="0.012">
    <failure type="java.lang.IllegalStateException" message="Driver başlatılmamış!">
      <![CDATA[java.lang.IllegalStateException: Driver başlatılmamış!
at TestNgDemo.TestNGDemo.Test1(TestNGDemo.java:44)
at java.base/java.util.ArrayList.forEach(ArrayList.java:1604)
... Removed 25 stack frames]]>
    </failure>
  </testcase> <!-- Test1 -->
  <testcase classname="TestNgDemo.TestNGDemo" name="successMailSend" time="0.0">
    <ignored/>
  </testcase> <!-- successMailSend -->
  <testcase classname="TestNgDemo.TestNGDemo" name="Test4" time="0.0">
    <ignored/>
  </testcase> <!-- Test4 -->
  <testcase classname="TestNgDemo.TestNGDemo" name="Test3" time="0.0">
    <ignored/>
  </testcase> <!-- Test3 -->
  <testcase classname="TestNgDemo.TestNGDemo" name="unSuccessMailSend" time="0.0">
    <ignored/>
  </testcase> <!-- unSuccessMailSend -->
  <testcase classname="TestNgDemo.TestNGDemo" name="Test2" time="0.0">
    <ignored/>
  </testcase> <!-- Test2 -->
</testsuite> <!-- MyTestNGDemo -->
