<?xml version="1.0" encoding="UTF-8"?>
<testng-results ignored="5" total="6" passed="0" failed="1" skipped="0">
  <reporter-output>
  </reporter-output>
  <suite started-at="2025-07-09T20:58:30 GMT+03:00" name="MySuite" finished-at="2025-07-09T20:58:30 GMT+03:00" duration-ms="56">
    <groups>
      <group name="GroupA">
        <method signature="TestNGDemo.Test1()[pri:0, instance:TestNgDemo.TestNGDemo@7e07db1f]" name="Test1" class="TestNgDemo.TestNGDemo"/>
      </group> <!-- GroupA -->
    </groups>
    <test started-at="2025-07-09T20:58:30 GMT+03:00" name="MyTestNGDemo" finished-at="2025-07-09T20:58:30 GMT+03:00" duration-ms="56">
      <class name="TestNgDemo.TestNGDemo">
        <test-method signature="Test1()[pri:0, instance:TestNgDemo.TestNGDemo@7e07db1f]" started-at="2025-07-09T20:58:30 GMT+03:00" name="Test1" finished-at="2025-07-09T20:58:30 GMT+03:00" duration-ms="12" status="FAIL">
          <exception class="java.lang.IllegalStateException">
            <message>
              <![CDATA[Driver başlatılmamış!]]>
            </message>
            <full-stacktrace>
              <![CDATA[java.lang.IllegalStateException: Driver başlatılmamış!
at TestNgDemo.TestNGDemo.Test1(TestNGDemo.java:44)
at java.base/jdk.internal.reflect.DirectMethodHandleAccessor.invoke(DirectMethodHandleAccessor.java:104)
at java.base/java.lang.reflect.Method.invoke(Method.java:565)
at org.testng.internal.invokers.MethodInvocationHelper.invokeMethod(MethodInvocationHelper.java:141)
at org.testng.internal.invokers.TestInvoker.invokeMethod(TestInvoker.java:687)
at org.testng.internal.invokers.TestInvoker.invokeTestMethod(TestInvoker.java:230)
at org.testng.internal.invokers.MethodRunner.runInSequence(MethodRunner.java:63)
at org.testng.internal.invokers.TestInvoker$MethodInvocationAgent.invoke(TestInvoker.java:995)
at org.testng.internal.invokers.TestInvoker.invokeTestMethods(TestInvoker.java:203)
at org.testng.internal.invokers.TestMethodWorker.invokeTestMethods(TestMethodWorker.java:154)
at org.testng.internal.invokers.TestMethodWorker.run(TestMethodWorker.java:134)
at java.base/java.util.ArrayList.forEach(ArrayList.java:1604)
at org.testng.TestRunner.privateRun(TestRunner.java:741)
at org.testng.TestRunner.run(TestRunner.java:616)
at org.testng.SuiteRunner.runTest(SuiteRunner.java:421)
at org.testng.SuiteRunner.runSequentially(SuiteRunner.java:413)
at org.testng.SuiteRunner.privateRun(SuiteRunner.java:373)
at org.testng.SuiteRunner.run(SuiteRunner.java:312)
at org.testng.SuiteRunnerWorker.runSuite(SuiteRunnerWorker.java:52)
at org.testng.SuiteRunnerWorker.run(SuiteRunnerWorker.java:95)
at org.testng.TestNG.runSuitesSequentially(TestNG.java:1274)
at org.testng.TestNG.runSuitesLocally(TestNG.java:1208)
at org.testng.TestNG.runSuites(TestNG.java:1112)
at org.testng.TestNG.run(TestNG.java:1079)
at org.testng.remote.AbstractRemoteTestNG.run(AbstractRemoteTestNG.java:115)
at org.testng.remote.RemoteTestNG.initAndRun(RemoteTestNG.java:293)
at org.testng.remote.RemoteTestNG.main(RemoteTestNG.java:91)
]]>
            </full-stacktrace>
          </exception> <!-- java.lang.IllegalStateException -->
          <reporter-output>
          </reporter-output>
        </test-method> <!-- Test1 -->
      </class> <!-- TestNgDemo.TestNGDemo -->
    </test> <!-- MyTestNGDemo -->
  </suite> <!-- MySuite -->
</testng-results>
